<?xml version="1.0" encoding="UTF-8"?>
<!-- Generated by org.testng.reporters.JUnitReportReporter -->
<testsuite hostname="DESKTOP-DTM9LNH" failures="0" tests="1" name="ample.AmazonTest" time="13.402" errors="0" timestamp="2025-04-14T21:20:42 IST" skipped="0">
  <testcase classname="ample.AmazonTest" name="AmazonTest" time="13.402"/>
</testsuite> <!-- ample.AmazonTest -->
